c:\users\user\desktop\yolo-fastest-darknet\build\darknet\x64\release\activation_kernels.cu.obj
c:\users\user\desktop\yolo-fastest-darknet\build\darknet\x64\release\avgpool_layer_kernels.cu.obj
c:\users\user\desktop\yolo-fastest-darknet\build\darknet\x64\release\blas_kernels.cu.obj
c:\users\user\desktop\yolo-fastest-darknet\build\darknet\x64\release\col2im_kernels.cu.obj
c:\users\user\desktop\yolo-fastest-darknet\build\darknet\x64\release\convolutional_kernels.cu.obj
c:\users\user\desktop\yolo-fastest-darknet\build\darknet\x64\release\crop_layer_kernels.cu.obj
c:\users\user\desktop\yolo-fastest-darknet\build\darknet\x64\release\deconvolutional_kernels.cu.obj
c:\users\user\desktop\yolo-fastest-darknet\build\darknet\x64\release\dropout_layer_kernels.cu.obj
c:\users\user\desktop\yolo-fastest-darknet\build\darknet\x64\release\im2col_kernels.cu.obj
c:\users\user\desktop\yolo-fastest-darknet\build\darknet\x64\release\maxpool_layer_kernels.cu.obj
c:\users\user\desktop\yolo-fastest-darknet\build\darknet\x64\release\network_kernels.cu.obj
c:\users\user\desktop\yolo-fastest-darknet\build\darknet\x64\release\activation_kernels.cu.cache
c:\users\user\desktop\yolo-fastest-darknet\build\darknet\x64\release\avgpool_layer_kernels.cu.cache
c:\users\user\desktop\yolo-fastest-darknet\build\darknet\x64\release\blas_kernels.cu.cache
c:\users\user\desktop\yolo-fastest-darknet\build\darknet\x64\release\col2im_kernels.cu.cache
c:\users\user\desktop\yolo-fastest-darknet\build\darknet\x64\release\convolutional_kernels.cu.cache
c:\users\user\desktop\yolo-fastest-darknet\build\darknet\x64\release\crop_layer_kernels.cu.cache
c:\users\user\desktop\yolo-fastest-darknet\build\darknet\x64\release\deconvolutional_kernels.cu.cache
c:\users\user\desktop\yolo-fastest-darknet\build\darknet\x64\release\dropout_layer_kernels.cu.cache
c:\users\user\desktop\yolo-fastest-darknet\build\darknet\x64\release\im2col_kernels.cu.cache
c:\users\user\desktop\yolo-fastest-darknet\build\darknet\x64\release\maxpool_layer_kernels.cu.cache
c:\users\user\desktop\yolo-fastest-darknet\build\darknet\x64\release\network_kernels.cu.cache
c:\users\user\desktop\yolo-fastest-darknet\build\darknet\x64\release\darknet.tlog\cudacompile.read.1u.tlog
c:\users\user\desktop\yolo-fastest-darknet\build\darknet\x64\release\darknet.tlog\cudacompile.write.1u.tlog
